#-----------------------------------------------------------
# Vivado v2018.2 (64-bit)
# SW Build 2258646 on Thu Jun 14 20:03:12 MDT 2018
# IP Build 2256618 on Thu Jun 14 22:10:49 MDT 2018
# Start of session at: Thu Nov 15 19:21:22 2018
# Process ID: 8356
# Current directory: C:/Users/zctid.LAPTOP-150KME16/Desktop/UART_Receiver/vhd files/UART_RX
# Command line: vivado.exe -gui_launcher_event rodinguilauncherevent12016 C:\Users\zctid.LAPTOP-150KME16\Desktop\UART_Receiver\vhd files\UART_RX\UART_RX.xpr
# Log file: C:/Users/zctid.LAPTOP-150KME16/Desktop/UART_Receiver/vhd files/UART_RX/vivado.log
# Journal file: C:/Users/zctid.LAPTOP-150KME16/Desktop/UART_Receiver/vhd files/UART_RX\vivado.jou
#-----------------------------------------------------------
start_gui
open_project {C:/Users/zctid.LAPTOP-150KME16/Desktop/UART_Receiver/vhd files/UART_RX/UART_RX.xpr}
INFO: [Project 1-313] Project file moved from 'F:/Tools/Xilinx/Projects/UART_RX' since last save.
Scanning sources...
Finished scanning sources
INFO: [IP_Flow 19-234] Refreshing IP repositories
INFO: [IP_Flow 19-1704] No user IP repositories specified
INFO: [IP_Flow 19-2313] Loaded Vivado IP repository 'F:/Tools/Xilinx/Vivado/2018.2/data/ip'.
open_project: Time (s): cpu = 00:00:24 ; elapsed = 00:00:12 . Memory (MB): peak = 811.113 ; gain = 111.129
update_compile_order -fileset sources_1
exit
INFO: [Common 17-206] Exiting Vivado at Thu Nov 15 19:25:22 2018...
