#-----------------------------------------------------------
# Vivado v2018.2 (64-bit)
# SW Build 2258646 on Thu Jun 14 20:03:12 MDT 2018
# IP Build 2256618 on Thu Jun 14 22:10:49 MDT 2018
# Start of session at: Fri Nov 16 16:34:31 2018
# Process ID: 13256
# Current directory: C:/Users/zctid.LAPTOP-150KME16/Desktop/UART_Receiver/vhd files/UART_RX
# Command line: vivado.exe -gui_launcher_event rodinguilauncherevent6856 C:\Users\zctid.LAPTOP-150KME16\Desktop\UART_Receiver\vhd files\UART_RX\UART_RX.xpr
# Log file: C:/Users/zctid.LAPTOP-150KME16/Desktop/UART_Receiver/vhd files/UART_RX/vivado.log
# Journal file: C:/Users/zctid.LAPTOP-150KME16/Desktop/UART_Receiver/vhd files/UART_RX\vivado.jou
#-----------------------------------------------------------
start_gui
open_project {C:/Users/zctid.LAPTOP-150KME16/Desktop/UART_Receiver/vhd files/UART_RX/UART_RX.xpr}
INFO: [Project 1-313] Project file moved from 'F:/Tools/Xilinx/Projects/UART_RX' since last save.
Scanning sources...
Finished scanning sources
INFO: [IP_Flow 19-234] Refreshing IP repositories
INFO: [IP_Flow 19-1704] No user IP repositories specified
INFO: [Common 17-41] Interrupt caught. Command should exit soon.
INFO: [IP_Flow 19-2313] Loadeopen_project: Time (s): cpu = 00:00:19 ; elapsed = 00:00:17 . Memory (MB): peak = 812.438 ; gain = 79.008
update_compile_order -fileset sources_1
reset_run synth_1
launch_runs impl_1 -to_step write_bitstream -jobs 2
[Fri Nov 16 17:06:45 2018] Launched synth_1...
Run output will be captured here: C:/Users/zctid.LAPTOP-150KME16/Desktop/UART_Receiver/vhd files/UART_RX/UART_RX.runs/synth_1/runme.log
[Fri Nov 16 17:06:45 2018] Launched impl_1...
Run output will be captured here: C:/Users/zctid.LAPTOP-150KME16/Desktop/UART_Receiver/vhd files/UART_RX/UART_RX.runs/impl_1/runme.log
exit
INFO: [Common 17-206] Exiting Vivado at Fri Nov 16 17:09:54 2018...
